<?xml version="1.0" encoding="UTF-8"?>
<coverage generated="1662137738393" clover="3.2.0">
  <project timestamp="1662137738393" name="All files">
    <metrics statements="44" coveredstatements="15" conditionals="15" coveredconditionals="6" methods="24" coveredmethods="10" elements="83" coveredelements="31" complexity="0" loc="44" ncloc="44" packages="1" files="10" classes="10"/>
    <file name="App.js" path="/Users/francis/Desktop/r27/Exercises/react-forms-design-productiv/productiv/src/App.js">
      <metrics statements="1" coveredstatements="1" conditionals="0" coveredconditionals="0" methods="1" coveredmethods="1"/>
      <line num="13" count="4" type="stmt"/>
    </file>
    <file name="EditableTodo.js" path="/Users/francis/Desktop/r27/Exercises/react-forms-design-productiv/productiv/src/EditableTodo.js">
      <metrics statements="6" coveredstatements="2" conditionals="2" coveredconditionals="1" methods="4" coveredmethods="1"/>
      <line num="16" count="12" type="stmt"/>
      <line num="20" count="0" type="stmt"/>
      <line num="25" count="0" type="stmt"/>
      <line num="30" count="0" type="stmt"/>
      <line num="31" count="0" type="stmt"/>
      <line num="34" count="12" type="stmt"/>
    </file>
    <file name="EditableTodoList.js" path="/Users/francis/Desktop/r27/Exercises/react-forms-design-productiv/productiv/src/EditableTodoList.js">
      <metrics statements="2" coveredstatements="2" conditionals="0" coveredconditionals="0" methods="2" coveredmethods="2"/>
      <line num="15" count="4" type="stmt"/>
      <line num="18" count="12" type="stmt"/>
    </file>
    <file name="Footer.js" path="/Users/francis/Desktop/r27/Exercises/react-forms-design-productiv/productiv/src/Footer.js">
      <metrics statements="1" coveredstatements="1" conditionals="0" coveredconditionals="0" methods="1" coveredmethods="1"/>
      <line num="6" count="4" type="stmt"/>
    </file>
    <file name="Todo.js" path="/Users/francis/Desktop/r27/Exercises/react-forms-design-productiv/productiv/src/Todo.js">
      <metrics statements="1" coveredstatements="1" conditionals="0" coveredconditionals="0" methods="1" coveredmethods="1"/>
      <line num="12" count="16" type="stmt"/>
    </file>
    <file name="TodoApp.js" path="/Users/francis/Desktop/r27/Exercises/react-forms-design-productiv/productiv/src/TodoApp.js">
      <metrics statements="10" coveredstatements="2" conditionals="6" coveredconditionals="2" methods="7" coveredmethods="1"/>
      <line num="20" count="4" type="stmt"/>
      <line num="24" count="0" type="stmt"/>
      <line num="25" count="0" type="stmt"/>
      <line num="30" count="0" type="stmt"/>
      <line num="32" count="0" type="stmt"/>
      <line num="33" count="0" type="cond" truecount="0" falsecount="2"/>
      <line num="34" count="0" type="stmt"/>
      <line num="35" count="0" type="stmt"/>
      <line num="42" count="0" type="stmt"/>
      <line num="45" count="4" type="stmt"/>
    </file>
    <file name="TodoForm.js" path="/Users/francis/Desktop/r27/Exercises/react-forms-design-productiv/productiv/src/TodoForm.js">
      <metrics statements="9" coveredstatements="3" conditionals="1" coveredconditionals="1" methods="4" coveredmethods="1"/>
      <line num="3" count="1" type="stmt"/>
      <line num="14" count="4" type="stmt"/>
      <line num="18" count="0" type="stmt"/>
      <line num="19" count="0" type="stmt"/>
      <line num="20" count="0" type="stmt"/>
      <line num="28" count="0" type="stmt"/>
      <line num="29" count="0" type="stmt"/>
      <line num="30" count="0" type="stmt"/>
      <line num="33" count="4" type="stmt"/>
    </file>
    <file name="TopTodo.js" path="/Users/francis/Desktop/r27/Exercises/react-forms-design-productiv/productiv/src/TopTodo.js">
      <metrics statements="3" coveredstatements="3" conditionals="2" coveredconditionals="2" methods="2" coveredmethods="2"/>
      <line num="15" count="4" type="stmt"/>
      <line num="16" count="12" type="cond" truecount="2" falsecount="0"/>
      <line num="18" count="4" type="stmt"/>
    </file>
    <file name="index.js" path="/Users/francis/Desktop/r27/Exercises/react-forms-design-productiv/productiv/src/index.js">
      <metrics statements="3" coveredstatements="0" conditionals="0" coveredconditionals="0" methods="0" coveredmethods="0"/>
      <line num="7" count="0" type="stmt"/>
      <line num="8" count="0" type="stmt"/>
      <line num="17" count="0" type="stmt"/>
    </file>
    <file name="reportWebVitals.js" path="/Users/francis/Desktop/r27/Exercises/react-forms-design-productiv/productiv/src/reportWebVitals.js">
      <metrics statements="8" coveredstatements="0" conditionals="4" coveredconditionals="0" methods="2" coveredmethods="0"/>
      <line num="1" count="0" type="stmt"/>
      <line num="2" count="0" type="cond" truecount="0" falsecount="4"/>
      <line num="3" count="0" type="stmt"/>
      <line num="4" count="0" type="stmt"/>
      <line num="5" count="0" type="stmt"/>
      <line num="6" count="0" type="stmt"/>
      <line num="7" count="0" type="stmt"/>
      <line num="8" count="0" type="stmt"/>
    </file>
  </project>
</coverage>
