<?xml version="1.0" encoding="UTF-8"?>
<coverage generated="1662068664379" clover="3.2.0">
  <project timestamp="1662068664379" name="All files">
    <metrics statements="19" coveredstatements="8" conditionals="4" coveredconditionals="0" methods="18" coveredmethods="8" elements="41" coveredelements="16" complexity="0" loc="19" ncloc="19" packages="1" files="10" classes="10"/>
    <file name="App.js" path="/Users/francis/Desktop/r27/Exercises/react-forms-design-productiv/productiv/src/App.js">
      <metrics statements="1" coveredstatements="1" conditionals="0" coveredconditionals="0" methods="1" coveredmethods="1"/>
      <line num="13" count="2" type="stmt"/>
    </file>
    <file name="EditableTodo.js" path="/Users/francis/Desktop/r27/Exercises/react-forms-design-productiv/productiv/src/EditableTodo.js">
      <metrics statements="1" coveredstatements="1" conditionals="0" coveredconditionals="0" methods="4" coveredmethods="1"/>
      <line num="26" count="6" type="stmt"/>
    </file>
    <file name="EditableTodoList.js" path="/Users/francis/Desktop/r27/Exercises/react-forms-design-productiv/productiv/src/EditableTodoList.js">
      <metrics statements="1" coveredstatements="1" conditionals="0" coveredconditionals="0" methods="1" coveredmethods="1"/>
      <line num="15" count="2" type="stmt"/>
    </file>
    <file name="Footer.js" path="/Users/francis/Desktop/r27/Exercises/react-forms-design-productiv/productiv/src/Footer.js">
      <metrics statements="1" coveredstatements="1" conditionals="0" coveredconditionals="0" methods="1" coveredmethods="1"/>
      <line num="6" count="2" type="stmt"/>
    </file>
    <file name="Todo.js" path="/Users/francis/Desktop/r27/Exercises/react-forms-design-productiv/productiv/src/Todo.js">
      <metrics statements="1" coveredstatements="1" conditionals="0" coveredconditionals="0" methods="1" coveredmethods="1"/>
      <line num="12" count="8" type="stmt"/>
    </file>
    <file name="TodoApp.js" path="/Users/francis/Desktop/r27/Exercises/react-forms-design-productiv/productiv/src/TodoApp.js">
      <metrics statements="1" coveredstatements="1" conditionals="0" coveredconditionals="0" methods="4" coveredmethods="1"/>
      <line num="32" count="2" type="stmt"/>
    </file>
    <file name="TodoForm.js" path="/Users/francis/Desktop/r27/Exercises/react-forms-design-productiv/productiv/src/TodoForm.js">
      <metrics statements="1" coveredstatements="1" conditionals="0" coveredconditionals="0" methods="3" coveredmethods="1"/>
      <line num="21" count="6" type="stmt"/>
    </file>
    <file name="TopTodo.js" path="/Users/francis/Desktop/r27/Exercises/react-forms-design-productiv/productiv/src/TopTodo.js">
      <metrics statements="1" coveredstatements="1" conditionals="0" coveredconditionals="0" methods="1" coveredmethods="1"/>
      <line num="18" count="2" type="stmt"/>
    </file>
    <file name="index.js" path="/Users/francis/Desktop/r27/Exercises/react-forms-design-productiv/productiv/src/index.js">
      <metrics statements="3" coveredstatements="0" conditionals="0" coveredconditionals="0" methods="0" coveredmethods="0"/>
      <line num="7" count="0" type="stmt"/>
      <line num="8" count="0" type="stmt"/>
      <line num="17" count="0" type="stmt"/>
    </file>
    <file name="reportWebVitals.js" path="/Users/francis/Desktop/r27/Exercises/react-forms-design-productiv/productiv/src/reportWebVitals.js">
      <metrics statements="8" coveredstatements="0" conditionals="4" coveredconditionals="0" methods="2" coveredmethods="0"/>
      <line num="1" count="0" type="stmt"/>
      <line num="2" count="0" type="cond" truecount="0" falsecount="4"/>
      <line num="3" count="0" type="stmt"/>
      <line num="4" count="0" type="stmt"/>
      <line num="5" count="0" type="stmt"/>
      <line num="6" count="0" type="stmt"/>
      <line num="7" count="0" type="stmt"/>
      <line num="8" count="0" type="stmt"/>
    </file>
  </project>
</coverage>
