{"/Users/francis/Desktop/r27/Exercises/react-forms-design-productiv/productiv/src/App.js": {"path":"/Users/francis/Desktop/r27/Exercises/react-forms-design-productiv/productiv/src/App.js","statementMap":{"0":{"start":{"line":13,"column":2},"end":{"line":47,"column":4}}},"fnMap":{"0":{"name":"App","decl":{"start":{"line":12,"column":9},"end":{"line":12,"column":12}},"loc":{"start":{"line":12,"column":15},"end":{"line":48,"column":1}},"line":12}},"branchMap":{},"s":{"0":2},"f":{"0":2},"b":{},"_coverageSchema":"1a1c01bbd47fc00a2c39e90264f33305004495a9","hash":"905bdf5e2154380e73d26ef4a62c08b11191b7e0"}
,"/Users/francis/Desktop/r27/Exercises/react-forms-design-productiv/productiv/src/EditableTodo.js": {"path":"/Users/francis/Desktop/r27/Exercises/react-forms-design-productiv/productiv/src/EditableTodo.js","statementMap":{"0":{"start":{"line":26,"column":2},"end":{"line":52,"column":4}}},"fnMap":{"0":{"name":"EditableTodo","decl":{"start":{"line":15,"column":9},"end":{"line":15,"column":21}},"loc":{"start":{"line":15,"column":24},"end":{"line":53,"column":1}},"line":15},"1":{"name":"toggleEdit","decl":{"start":{"line":18,"column":11},"end":{"line":18,"column":21}},"loc":{"start":{"line":18,"column":24},"end":{"line":18,"column":27}},"line":18},"2":{"name":"handleDelete","decl":{"start":{"line":21,"column":11},"end":{"line":21,"column":23}},"loc":{"start":{"line":21,"column":26},"end":{"line":21,"column":29}},"line":21},"3":{"name":"handleSave","decl":{"start":{"line":24,"column":11},"end":{"line":24,"column":21}},"loc":{"start":{"line":24,"column":32},"end":{"line":24,"column":35}},"line":24}},"branchMap":{},"s":{"0":6},"f":{"0":6,"1":0,"2":0,"3":0},"b":{},"_coverageSchema":"1a1c01bbd47fc00a2c39e90264f33305004495a9","hash":"af6e4a3c3d7bd3ddc445063a724df29ff5fd56c5"}
,"/Users/francis/Desktop/r27/Exercises/react-forms-design-productiv/productiv/src/EditableTodoList.js": {"path":"/Users/francis/Desktop/r27/Exercises/react-forms-design-productiv/productiv/src/EditableTodoList.js","statementMap":{"0":{"start":{"line":15,"column":2},"end":{"line":22,"column":4}}},"fnMap":{"0":{"name":"EditableTodoList","decl":{"start":{"line":14,"column":9},"end":{"line":14,"column":25}},"loc":{"start":{"line":14,"column":28},"end":{"line":23,"column":1}},"line":14}},"branchMap":{},"s":{"0":2},"f":{"0":2},"b":{},"_coverageSchema":"1a1c01bbd47fc00a2c39e90264f33305004495a9","hash":"be32aed2a30c532b9ec12ccb3998efd93e9d88bb"}
,"/Users/francis/Desktop/r27/Exercises/react-forms-design-productiv/productiv/src/Footer.js": {"path":"/Users/francis/Desktop/r27/Exercises/react-forms-design-productiv/productiv/src/Footer.js","statementMap":{"0":{"start":{"line":6,"column":2},"end":{"line":12,"column":3}}},"fnMap":{"0":{"name":"Footer","decl":{"start":{"line":5,"column":9},"end":{"line":5,"column":15}},"loc":{"start":{"line":5,"column":18},"end":{"line":13,"column":1}},"line":5}},"branchMap":{},"s":{"0":2},"f":{"0":2},"b":{},"_coverageSchema":"1a1c01bbd47fc00a2c39e90264f33305004495a9","hash":"95dbdf77738db15fa7215c60155b9e0fd5bfd181"}
,"/Users/francis/Desktop/r27/Exercises/react-forms-design-productiv/productiv/src/Todo.js": {"path":"/Users/francis/Desktop/r27/Exercises/react-forms-design-productiv/productiv/src/Todo.js","statementMap":{"0":{"start":{"line":12,"column":2},"end":{"line":17,"column":4}}},"fnMap":{"0":{"name":"Todo","decl":{"start":{"line":11,"column":9},"end":{"line":11,"column":13}},"loc":{"start":{"line":11,"column":16},"end":{"line":18,"column":1}},"line":11}},"branchMap":{},"s":{"0":8},"f":{"0":8},"b":{},"_coverageSchema":"1a1c01bbd47fc00a2c39e90264f33305004495a9","hash":"4df5dabae930824c2f902c9c5f89f36bac5b35ae"}
,"/Users/francis/Desktop/r27/Exercises/react-forms-design-productiv/productiv/src/TodoApp.js": {"path":"/Users/francis/Desktop/r27/Exercises/react-forms-design-productiv/productiv/src/TodoApp.js","statementMap":{"0":{"start":{"line":32,"column":2},"end":{"line":56,"column":4}}},"fnMap":{"0":{"name":"TodoApp","decl":{"start":{"line":18,"column":9},"end":{"line":18,"column":16}},"loc":{"start":{"line":18,"column":19},"end":{"line":57,"column":1}},"line":18},"1":{"name":"create","decl":{"start":{"line":21,"column":11},"end":{"line":21,"column":17}},"loc":{"start":{"line":21,"column":27},"end":{"line":22,"column":3}},"line":21},"2":{"name":"update","decl":{"start":{"line":25,"column":11},"end":{"line":25,"column":17}},"loc":{"start":{"line":25,"column":31},"end":{"line":26,"column":3}},"line":25},"3":{"name":"remove","decl":{"start":{"line":29,"column":11},"end":{"line":29,"column":17}},"loc":{"start":{"line":29,"column":22},"end":{"line":30,"column":3}},"line":29}},"branchMap":{},"s":{"0":2},"f":{"0":2,"1":0,"2":0,"3":0},"b":{},"_coverageSchema":"1a1c01bbd47fc00a2c39e90264f33305004495a9","hash":"d74219429cc8a04740c036fbdcb48f7a90d4336c"}
,"/Users/francis/Desktop/r27/Exercises/react-forms-design-productiv/productiv/src/TodoForm.js": {"path":"/Users/francis/Desktop/r27/Exercises/react-forms-design-productiv/productiv/src/TodoForm.js","statementMap":{"0":{"start":{"line":21,"column":2},"end":{"line":70,"column":4}}},"fnMap":{"0":{"name":"TodoForm","decl":{"start":{"line":13,"column":9},"end":{"line":13,"column":17}},"loc":{"start":{"line":13,"column":20},"end":{"line":71,"column":1}},"line":13},"1":{"name":"handleChange","decl":{"start":{"line":16,"column":11},"end":{"line":16,"column":23}},"loc":{"start":{"line":16,"column":29},"end":{"line":16,"column":32}},"line":16},"2":{"name":"handleSubmit","decl":{"start":{"line":19,"column":11},"end":{"line":19,"column":23}},"loc":{"start":{"line":19,"column":29},"end":{"line":19,"column":32}},"line":19}},"branchMap":{},"s":{"0":6},"f":{"0":6,"1":0,"2":0},"b":{},"_coverageSchema":"1a1c01bbd47fc00a2c39e90264f33305004495a9","hash":"c1a31c0b9c50a43050a7a58499deec26195ee902"}
,"/Users/francis/Desktop/r27/Exercises/react-forms-design-productiv/productiv/src/TopTodo.js": {"path":"/Users/francis/Desktop/r27/Exercises/react-forms-design-productiv/productiv/src/TopTodo.js","statementMap":{"0":{"start":{"line":18,"column":2},"end":{"line":18,"column":19}}},"fnMap":{"0":{"name":"TopTodo","decl":{"start":{"line":13,"column":9},"end":{"line":13,"column":16}},"loc":{"start":{"line":13,"column":19},"end":{"line":19,"column":1}},"line":13}},"branchMap":{},"s":{"0":2},"f":{"0":2},"b":{},"_coverageSchema":"1a1c01bbd47fc00a2c39e90264f33305004495a9","hash":"f4a5eb0b8fa8c064393ccee78a235396be704367"}
,"/Users/francis/Desktop/r27/Exercises/react-forms-design-productiv/productiv/src/index.js": {"path":"/Users/francis/Desktop/r27/Exercises/react-forms-design-productiv/productiv/src/index.js","statementMap":{"0":{"start":{"line":7,"column":13},"end":{"line":7,"column":65}},"1":{"start":{"line":8,"column":0},"end":{"line":12,"column":2}},"2":{"start":{"line":17,"column":0},"end":{"line":17,"column":18}}},"fnMap":{},"branchMap":{},"s":{"0":0,"1":0,"2":0},"f":{},"b":{}}
,"/Users/francis/Desktop/r27/Exercises/react-forms-design-productiv/productiv/src/reportWebVitals.js": {"path":"/Users/francis/Desktop/r27/Exercises/react-forms-design-productiv/productiv/src/reportWebVitals.js","statementMap":{"0":{"start":{"line":1,"column":24},"end":{"line":11,"column":1}},"1":{"start":{"line":2,"column":2},"end":{"line":10,"column":3}},"2":{"start":{"line":3,"column":4},"end":{"line":9,"column":7}},"3":{"start":{"line":4,"column":6},"end":{"line":4,"column":26}},"4":{"start":{"line":5,"column":6},"end":{"line":5,"column":26}},"5":{"start":{"line":6,"column":6},"end":{"line":6,"column":26}},"6":{"start":{"line":7,"column":6},"end":{"line":7,"column":26}},"7":{"start":{"line":8,"column":6},"end":{"line":8,"column":27}}},"fnMap":{"0":{"name":"(anonymous_0)","decl":{"start":{"line":1,"column":24},"end":{"line":1,"column":25}},"loc":{"start":{"line":1,"column":39},"end":{"line":11,"column":1}},"line":1},"1":{"name":"(anonymous_1)","decl":{"start":{"line":3,"column":30},"end":{"line":3,"column":31}},"loc":{"start":{"line":3,"column":79},"end":{"line":9,"column":5}},"line":3}},"branchMap":{"0":{"loc":{"start":{"line":2,"column":2},"end":{"line":10,"column":3}},"type":"if","locations":[{"start":{"line":2,"column":2},"end":{"line":10,"column":3}},{"start":{},"end":{}}],"line":2},"1":{"loc":{"start":{"line":2,"column":6},"end":{"line":2,"column":52}},"type":"binary-expr","locations":[{"start":{"line":2,"column":6},"end":{"line":2,"column":17}},{"start":{"line":2,"column":21},"end":{"line":2,"column":52}}],"line":2}},"s":{"0":0,"1":0,"2":0,"3":0,"4":0,"5":0,"6":0,"7":0},"f":{"0":0,"1":0},"b":{"0":[0,0],"1":[0,0]}}
}
