{"/Users/francis/Desktop/r27/Exercises/react-forms-design-productiv/productiv/src/App.js": {"path":"/Users/francis/Desktop/r27/Exercises/react-forms-design-productiv/productiv/src/App.js","statementMap":{"0":{"start":{"line":13,"column":2},"end":{"line":47,"column":4}}},"fnMap":{"0":{"name":"App","decl":{"start":{"line":12,"column":9},"end":{"line":12,"column":12}},"loc":{"start":{"line":12,"column":15},"end":{"line":48,"column":1}},"line":12}},"branchMap":{},"s":{"0":4},"f":{"0":4},"b":{},"_coverageSchema":"1a1c01bbd47fc00a2c39e90264f33305004495a9","hash":"905bdf5e2154380e73d26ef4a62c08b11191b7e0"}
,"/Users/francis/Desktop/r27/Exercises/react-forms-design-productiv/productiv/src/EditableTodo.js": {"path":"/Users/francis/Desktop/r27/Exercises/react-forms-design-productiv/productiv/src/EditableTodo.js","statementMap":{"0":{"start":{"line":19,"column":36},"end":{"line":19,"column":51}},"1":{"start":{"line":23,"column":4},"end":{"line":23,"column":29}},"2":{"start":{"line":29,"column":4},"end":{"line":29,"column":19}},"3":{"start":{"line":34,"column":4},"end":{"line":34,"column":20}},"4":{"start":{"line":35,"column":4},"end":{"line":35,"column":23}},"5":{"start":{"line":39,"column":2},"end":{"line":63,"column":4}}},"fnMap":{"0":{"name":"EditableTodo","decl":{"start":{"line":18,"column":9},"end":{"line":18,"column":21}},"loc":{"start":{"line":18,"column":48},"end":{"line":64,"column":1}},"line":18},"1":{"name":"toggleEdit","decl":{"start":{"line":22,"column":11},"end":{"line":22,"column":21}},"loc":{"start":{"line":22,"column":24},"end":{"line":25,"column":3}},"line":22},"2":{"name":"handleDelete","decl":{"start":{"line":28,"column":11},"end":{"line":28,"column":23}},"loc":{"start":{"line":28,"column":26},"end":{"line":30,"column":3}},"line":28},"3":{"name":"handleSave","decl":{"start":{"line":33,"column":11},"end":{"line":33,"column":21}},"loc":{"start":{"line":33,"column":32},"end":{"line":36,"column":3}},"line":33}},"branchMap":{"0":{"loc":{"start":{"line":41,"column":7},"end":{"line":61,"column":7}},"type":"cond-expr","locations":[{"start":{"line":42,"column":8},"end":{"line":42,"column":67}},{"start":{"line":44,"column":8},"end":{"line":60,"column":14}}],"line":41}},"s":{"0":21,"1":0,"2":0,"3":0,"4":0,"5":21},"f":{"0":21,"1":0,"2":0,"3":0},"b":{"0":[0,21]},"_coverageSchema":"1a1c01bbd47fc00a2c39e90264f33305004495a9","hash":"27607630912b6e5b24ce5ee77364b1296f015d62"}
,"/Users/francis/Desktop/r27/Exercises/react-forms-design-productiv/productiv/src/EditableTodoList.js": {"path":"/Users/francis/Desktop/r27/Exercises/react-forms-design-productiv/productiv/src/EditableTodoList.js","statementMap":{"0":{"start":{"line":15,"column":2},"end":{"line":21,"column":4}},"1":{"start":{"line":18,"column":12},"end":{"line":18,"column":87}}},"fnMap":{"0":{"name":"EditableTodoList","decl":{"start":{"line":14,"column":9},"end":{"line":14,"column":25}},"loc":{"start":{"line":14,"column":51},"end":{"line":22,"column":1}},"line":14},"1":{"name":"(anonymous_1)","decl":{"start":{"line":17,"column":19},"end":{"line":17,"column":20}},"loc":{"start":{"line":18,"column":12},"end":{"line":18,"column":87}},"line":18}},"branchMap":{},"s":{"0":7,"1":21},"f":{"0":7,"1":21},"b":{},"_coverageSchema":"1a1c01bbd47fc00a2c39e90264f33305004495a9","hash":"d339f2eb79e1e958ab8c8cea3d6432699376883c"}
,"/Users/francis/Desktop/r27/Exercises/react-forms-design-productiv/productiv/src/Footer.js": {"path":"/Users/francis/Desktop/r27/Exercises/react-forms-design-productiv/productiv/src/Footer.js","statementMap":{"0":{"start":{"line":6,"column":2},"end":{"line":12,"column":3}}},"fnMap":{"0":{"name":"Footer","decl":{"start":{"line":5,"column":9},"end":{"line":5,"column":15}},"loc":{"start":{"line":5,"column":18},"end":{"line":13,"column":1}},"line":5}},"branchMap":{},"s":{"0":4},"f":{"0":4},"b":{},"_coverageSchema":"1a1c01bbd47fc00a2c39e90264f33305004495a9","hash":"95dbdf77738db15fa7215c60155b9e0fd5bfd181"}
,"/Users/francis/Desktop/r27/Exercises/react-forms-design-productiv/productiv/src/Todo.js": {"path":"/Users/francis/Desktop/r27/Exercises/react-forms-design-productiv/productiv/src/Todo.js","statementMap":{"0":{"start":{"line":12,"column":2},"end":{"line":20,"column":4}}},"fnMap":{"0":{"name":"Todo","decl":{"start":{"line":11,"column":9},"end":{"line":11,"column":13}},"loc":{"start":{"line":11,"column":24},"end":{"line":21,"column":1}},"line":11}},"branchMap":{},"s":{"0":31},"f":{"0":31},"b":{},"_coverageSchema":"1a1c01bbd47fc00a2c39e90264f33305004495a9","hash":"1b793aef078f3f4ffef49027b92e04fecd201569"}
,"/Users/francis/Desktop/r27/Exercises/react-forms-design-productiv/productiv/src/TodoApp.js": {"path":"/Users/francis/Desktop/r27/Exercises/react-forms-design-productiv/productiv/src/TodoApp.js","statementMap":{"0":{"start":{"line":20,"column":28},"end":{"line":20,"column":50}},"1":{"start":{"line":24,"column":20},"end":{"line":24,"column":43}},"2":{"start":{"line":25,"column":4},"end":{"line":25,"column":45}},"3":{"start":{"line":25,"column":24},"end":{"line":25,"column":43}},"4":{"start":{"line":32,"column":4},"end":{"line":34,"column":6}},"5":{"start":{"line":33,"column":6},"end":{"line":33,"column":76}},"6":{"start":{"line":33,"column":27},"end":{"line":33,"column":74}},"7":{"start":{"line":47,"column":4},"end":{"line":47,"column":54}},"8":{"start":{"line":47,"column":22},"end":{"line":47,"column":52}},"9":{"start":{"line":47,"column":40},"end":{"line":47,"column":51}},"10":{"start":{"line":50,"column":2},"end":{"line":78,"column":4}}},"fnMap":{"0":{"name":"TodoApp","decl":{"start":{"line":19,"column":9},"end":{"line":19,"column":16}},"loc":{"start":{"line":19,"column":35},"end":{"line":79,"column":1}},"line":19},"1":{"name":"create","decl":{"start":{"line":23,"column":11},"end":{"line":23,"column":17}},"loc":{"start":{"line":23,"column":24},"end":{"line":26,"column":3}},"line":23},"2":{"name":"(anonymous_2)","decl":{"start":{"line":25,"column":13},"end":{"line":25,"column":14}},"loc":{"start":{"line":25,"column":24},"end":{"line":25,"column":43}},"line":25},"3":{"name":"update","decl":{"start":{"line":31,"column":11},"end":{"line":31,"column":17}},"loc":{"start":{"line":31,"column":31},"end":{"line":43,"column":3}},"line":31},"4":{"name":"(anonymous_4)","decl":{"start":{"line":32,"column":13},"end":{"line":32,"column":14}},"loc":{"start":{"line":33,"column":6},"end":{"line":33,"column":76}},"line":33},"5":{"name":"(anonymous_5)","decl":{"start":{"line":33,"column":16},"end":{"line":33,"column":17}},"loc":{"start":{"line":33,"column":27},"end":{"line":33,"column":74}},"line":33},"6":{"name":"remove","decl":{"start":{"line":46,"column":11},"end":{"line":46,"column":17}},"loc":{"start":{"line":46,"column":22},"end":{"line":48,"column":3}},"line":46},"7":{"name":"(anonymous_7)","decl":{"start":{"line":47,"column":13},"end":{"line":47,"column":14}},"loc":{"start":{"line":47,"column":22},"end":{"line":47,"column":52}},"line":47},"8":{"name":"(anonymous_8)","decl":{"start":{"line":47,"column":35},"end":{"line":47,"column":36}},"loc":{"start":{"line":47,"column":40},"end":{"line":47,"column":51}},"line":47}},"branchMap":{"0":{"loc":{"start":{"line":33,"column":27},"end":{"line":33,"column":74}},"type":"cond-expr","locations":[{"start":{"line":33,"column":56},"end":{"line":33,"column":67}},{"start":{"line":33,"column":70},"end":{"line":33,"column":74}}],"line":33},"1":{"loc":{"start":{"line":54,"column":11},"end":{"line":56,"column":68}},"type":"cond-expr","locations":[{"start":{"line":55,"column":14},"end":{"line":55,"column":80}},{"start":{"line":56,"column":14},"end":{"line":56,"column":68}}],"line":54},"2":{"loc":{"start":{"line":62,"column":13},"end":{"line":68,"column":13}},"type":"binary-expr","locations":[{"start":{"line":62,"column":13},"end":{"line":62,"column":29}},{"start":{"line":64,"column":14},"end":{"line":67,"column":20}}],"line":62}},"s":{"0":10,"1":0,"2":0,"3":0,"4":0,"5":0,"6":0,"7":0,"8":0,"9":0,"10":10},"f":{"0":10,"1":0,"2":0,"3":0,"4":0,"5":0,"6":0,"7":0,"8":0},"b":{"0":[0,0],"1":[7,3],"2":[10,7]},"_coverageSchema":"1a1c01bbd47fc00a2c39e90264f33305004495a9","hash":"bfee9f80022441a0ee9ee3580496e06625944d6a"}
,"/Users/francis/Desktop/r27/Exercises/react-forms-design-productiv/productiv/src/TodoForm.js": {"path":"/Users/francis/Desktop/r27/Exercises/react-forms-design-productiv/productiv/src/TodoForm.js","statementMap":{"0":{"start":{"line":3,"column":27},"end":{"line":3,"column":70}},"1":{"start":{"line":16,"column":34},"end":{"line":16,"column":59}},"2":{"start":{"line":20,"column":4},"end":{"line":20,"column":25}},"3":{"start":{"line":21,"column":28},"end":{"line":21,"column":38}},"4":{"start":{"line":22,"column":4},"end":{"line":25,"column":8}},"5":{"start":{"line":22,"column":31},"end":{"line":25,"column":5}},"6":{"start":{"line":30,"column":4},"end":{"line":30,"column":25}},"7":{"start":{"line":31,"column":4},"end":{"line":31,"column":25}},"8":{"start":{"line":32,"column":4},"end":{"line":32,"column":33}},"9":{"start":{"line":35,"column":2},"end":{"line":86,"column":4}}},"fnMap":{"0":{"name":"TodoForm","decl":{"start":{"line":15,"column":9},"end":{"line":15,"column":17}},"loc":{"start":{"line":15,"column":72},"end":{"line":87,"column":1}},"line":15},"1":{"name":"handleChange","decl":{"start":{"line":19,"column":11},"end":{"line":19,"column":23}},"loc":{"start":{"line":19,"column":29},"end":{"line":26,"column":3}},"line":19},"2":{"name":"(anonymous_2)","decl":{"start":{"line":22,"column":16},"end":{"line":22,"column":17}},"loc":{"start":{"line":22,"column":31},"end":{"line":25,"column":5}},"line":22},"3":{"name":"handleSubmit","decl":{"start":{"line":29,"column":11},"end":{"line":29,"column":23}},"loc":{"start":{"line":29,"column":29},"end":{"line":33,"column":3}},"line":29}},"branchMap":{"0":{"loc":{"start":{"line":15,"column":20},"end":{"line":15,"column":56}},"type":"default-arg","locations":[{"start":{"line":15,"column":38},"end":{"line":15,"column":56}}],"line":15}},"s":{"0":3,"1":10,"2":0,"3":0,"4":0,"5":0,"6":0,"7":0,"8":0,"9":10},"f":{"0":10,"1":0,"2":0,"3":0},"b":{"0":[10]},"_coverageSchema":"1a1c01bbd47fc00a2c39e90264f33305004495a9","hash":"3b12c61ce6da41967b6b7c8846fbc55b3dfe66bc"}
,"/Users/francis/Desktop/r27/Exercises/react-forms-design-productiv/productiv/src/TopTodo.js": {"path":"/Users/francis/Desktop/r27/Exercises/react-forms-design-productiv/productiv/src/TopTodo.js","statementMap":{"0":{"start":{"line":15,"column":12},"end":{"line":16,"column":70}},"1":{"start":{"line":16,"column":20},"end":{"line":16,"column":59}},"2":{"start":{"line":18,"column":2},"end":{"line":18,"column":30}}},"fnMap":{"0":{"name":"TopTodo","decl":{"start":{"line":13,"column":9},"end":{"line":13,"column":16}},"loc":{"start":{"line":13,"column":26},"end":{"line":19,"column":1}},"line":13},"1":{"name":"(anonymous_1)","decl":{"start":{"line":16,"column":6},"end":{"line":16,"column":7}},"loc":{"start":{"line":16,"column":20},"end":{"line":16,"column":59}},"line":16}},"branchMap":{"0":{"loc":{"start":{"line":16,"column":20},"end":{"line":16,"column":59}},"type":"cond-expr","locations":[{"start":{"line":16,"column":50},"end":{"line":16,"column":53}},{"start":{"line":16,"column":56},"end":{"line":16,"column":59}}],"line":16}},"s":{"0":7,"1":21,"2":7},"f":{"0":7,"1":21},"b":{"0":[7,14]},"_coverageSchema":"1a1c01bbd47fc00a2c39e90264f33305004495a9","hash":"3043ed2e2ffbed6c5b6c4c71a408b4148ac502af"}
,"/Users/francis/Desktop/r27/Exercises/react-forms-design-productiv/productiv/src/index.js": {"path":"/Users/francis/Desktop/r27/Exercises/react-forms-design-productiv/productiv/src/index.js","statementMap":{"0":{"start":{"line":7,"column":13},"end":{"line":7,"column":65}},"1":{"start":{"line":8,"column":0},"end":{"line":12,"column":2}},"2":{"start":{"line":17,"column":0},"end":{"line":17,"column":18}}},"fnMap":{},"branchMap":{},"s":{"0":0,"1":0,"2":0},"f":{},"b":{}}
,"/Users/francis/Desktop/r27/Exercises/react-forms-design-productiv/productiv/src/reportWebVitals.js": {"path":"/Users/francis/Desktop/r27/Exercises/react-forms-design-productiv/productiv/src/reportWebVitals.js","statementMap":{"0":{"start":{"line":1,"column":24},"end":{"line":11,"column":1}},"1":{"start":{"line":2,"column":2},"end":{"line":10,"column":3}},"2":{"start":{"line":3,"column":4},"end":{"line":9,"column":7}},"3":{"start":{"line":4,"column":6},"end":{"line":4,"column":26}},"4":{"start":{"line":5,"column":6},"end":{"line":5,"column":26}},"5":{"start":{"line":6,"column":6},"end":{"line":6,"column":26}},"6":{"start":{"line":7,"column":6},"end":{"line":7,"column":26}},"7":{"start":{"line":8,"column":6},"end":{"line":8,"column":27}}},"fnMap":{"0":{"name":"(anonymous_0)","decl":{"start":{"line":1,"column":24},"end":{"line":1,"column":25}},"loc":{"start":{"line":1,"column":39},"end":{"line":11,"column":1}},"line":1},"1":{"name":"(anonymous_1)","decl":{"start":{"line":3,"column":30},"end":{"line":3,"column":31}},"loc":{"start":{"line":3,"column":79},"end":{"line":9,"column":5}},"line":3}},"branchMap":{"0":{"loc":{"start":{"line":2,"column":2},"end":{"line":10,"column":3}},"type":"if","locations":[{"start":{"line":2,"column":2},"end":{"line":10,"column":3}},{"start":{},"end":{}}],"line":2},"1":{"loc":{"start":{"line":2,"column":6},"end":{"line":2,"column":52}},"type":"binary-expr","locations":[{"start":{"line":2,"column":6},"end":{"line":2,"column":17}},{"start":{"line":2,"column":21},"end":{"line":2,"column":52}}],"line":2}},"s":{"0":0,"1":0,"2":0,"3":0,"4":0,"5":0,"6":0,"7":0},"f":{"0":0,"1":0},"b":{"0":[0,0],"1":[0,0]}}
}
