TN:
SF:src/App.js
FN:12,App
FNF:1
FNH:1
FNDA:4,App
DA:13,4
LF:1
LH:1
BRF:0
BRH:0
end_of_record
TN:
SF:src/EditableTodo.js
FN:18,EditableTodo
FN:22,toggleEdit
FN:28,handleDelete
FN:33,handleSave
FNF:4
FNH:1
FNDA:21,EditableTodo
FNDA:0,toggleEdit
FNDA:0,handleDelete
FNDA:0,handleSave
DA:19,21
DA:23,0
DA:29,0
DA:34,0
DA:35,0
DA:39,21
LF:6
LH:2
BRDA:41,0,0,0
BRDA:41,0,1,21
BRF:2
BRH:1
end_of_record
TN:
SF:src/EditableTodoList.js
FN:14,EditableTodoList
FN:17,(anonymous_1)
FNF:2
FNH:2
FNDA:7,EditableTodoList
FNDA:21,(anonymous_1)
DA:15,7
DA:18,21
LF:2
LH:2
BRF:0
BRH:0
end_of_record
TN:
SF:src/Footer.js
FN:5,Footer
FNF:1
FNH:1
FNDA:4,Footer
DA:6,4
LF:1
LH:1
BRF:0
BRH:0
end_of_record
TN:
SF:src/Todo.js
FN:11,Todo
FNF:1
FNH:1
FNDA:31,Todo
DA:12,31
LF:1
LH:1
BRF:0
BRH:0
end_of_record
TN:
SF:src/TodoApp.js
FN:19,TodoApp
FN:23,create
FN:25,(anonymous_2)
FN:31,update
FN:32,(anonymous_4)
FN:33,(anonymous_5)
FN:46,remove
FN:47,(anonymous_7)
FN:47,(anonymous_8)
FNF:9
FNH:1
FNDA:10,TodoApp
FNDA:0,create
FNDA:0,(anonymous_2)
FNDA:0,update
FNDA:0,(anonymous_4)
FNDA:0,(anonymous_5)
FNDA:0,remove
FNDA:0,(anonymous_7)
FNDA:0,(anonymous_8)
DA:20,10
DA:24,0
DA:25,0
DA:32,0
DA:33,0
DA:47,0
DA:50,10
LF:7
LH:2
BRDA:33,0,0,0
BRDA:33,0,1,0
BRDA:54,1,0,7
BRDA:54,1,1,3
BRDA:62,2,0,10
BRDA:62,2,1,7
BRF:6
BRH:4
end_of_record
TN:
SF:src/TodoForm.js
FN:15,TodoForm
FN:19,handleChange
FN:22,(anonymous_2)
FN:29,handleSubmit
FNF:4
FNH:1
FNDA:10,TodoForm
FNDA:0,handleChange
FNDA:0,(anonymous_2)
FNDA:0,handleSubmit
DA:3,3
DA:16,10
DA:20,0
DA:21,0
DA:22,0
DA:30,0
DA:31,0
DA:32,0
DA:35,10
LF:9
LH:3
BRDA:15,0,0,10
BRF:1
BRH:1
end_of_record
TN:
SF:src/TopTodo.js
FN:13,TopTodo
FN:16,(anonymous_1)
FNF:2
FNH:2
FNDA:7,TopTodo
FNDA:21,(anonymous_1)
DA:15,7
DA:16,21
DA:18,7
LF:3
LH:3
BRDA:16,0,0,7
BRDA:16,0,1,14
BRF:2
BRH:2
end_of_record
TN:
SF:src/index.js
FNF:0
FNH:0
DA:7,0
DA:8,0
DA:17,0
LF:3
LH:0
BRF:0
BRH:0
end_of_record
TN:
SF:src/reportWebVitals.js
FN:1,(anonymous_0)
FN:3,(anonymous_1)
FNF:2
FNH:0
FNDA:0,(anonymous_0)
FNDA:0,(anonymous_1)
DA:1,0
DA:2,0
DA:3,0
DA:4,0
DA:5,0
DA:6,0
DA:7,0
DA:8,0
LF:8
LH:0
BRDA:2,0,0,0
BRDA:2,0,1,0
BRDA:2,1,0,0
BRDA:2,1,1,0
BRF:4
BRH:0
end_of_record
