TN:
SF:src/App.js
FN:12,App
FNF:1
FNH:1
FNDA:4,App
DA:13,4
LF:1
LH:1
BRF:0
BRH:0
end_of_record
TN:
SF:src/EditableTodo.js
FN:15,EditableTodo
FN:19,toggleEdit
FN:24,handleDelete
FN:29,handleSave
FNF:4
FNH:1
FNDA:12,EditableTodo
FNDA:0,toggleEdit
FNDA:0,handleDelete
FNDA:0,handleSave
DA:16,12
DA:20,0
DA:25,0
DA:30,0
DA:31,0
DA:34,12
LF:6
LH:2
BRDA:36,0,0,0
BRDA:36,0,1,12
BRF:2
BRH:1
end_of_record
TN:
SF:src/EditableTodoList.js
FN:14,EditableTodoList
FN:17,(anonymous_1)
FNF:2
FNH:2
FNDA:4,EditableTodoList
FNDA:12,(anonymous_1)
DA:15,4
DA:18,12
LF:2
LH:2
BRF:0
BRH:0
end_of_record
TN:
SF:src/Footer.js
FN:5,Footer
FNF:1
FNH:1
FNDA:4,Footer
DA:6,4
LF:1
LH:1
BRF:0
BRH:0
end_of_record
TN:
SF:src/Todo.js
FN:11,Todo
FNF:1
FNH:1
FNDA:16,Todo
DA:12,16
LF:1
LH:1
BRF:0
BRH:0
end_of_record
TN:
SF:src/TodoApp.js
FN:19,TodoApp
FN:23,create
FN:25,(anonymous_2)
FN:29,update
FN:41,remove
FN:42,(anonymous_5)
FN:42,(anonymous_6)
FNF:7
FNH:1
FNDA:4,TodoApp
FNDA:0,create
FNDA:0,(anonymous_2)
FNDA:0,update
FNDA:0,remove
FNDA:0,(anonymous_5)
FNDA:0,(anonymous_6)
DA:20,4
DA:24,0
DA:25,0
DA:30,0
DA:32,0
DA:33,0
DA:34,0
DA:35,0
DA:42,0
DA:45,4
LF:10
LH:2
BRDA:33,0,0,0
BRDA:33,0,1,0
BRDA:49,1,0,4
BRDA:49,1,1,0
BRDA:58,2,0,4
BRDA:58,2,1,0
BRF:6
BRH:2
end_of_record
TN:
SF:src/TodoForm.js
FN:13,TodoForm
FN:17,handleChange
FN:20,(anonymous_2)
FN:27,handleSubmit
FNF:4
FNH:1
FNDA:4,TodoForm
FNDA:0,handleChange
FNDA:0,(anonymous_2)
FNDA:0,handleSubmit
DA:3,1
DA:14,4
DA:18,0
DA:19,0
DA:20,0
DA:28,0
DA:29,0
DA:30,0
DA:33,4
LF:9
LH:3
BRDA:13,0,0,4
BRF:1
BRH:1
end_of_record
TN:
SF:src/TopTodo.js
FN:13,TopTodo
FN:16,(anonymous_1)
FNF:2
FNH:2
FNDA:4,TopTodo
FNDA:12,(anonymous_1)
DA:15,4
DA:16,12
DA:18,4
LF:3
LH:3
BRDA:16,0,0,4
BRDA:16,0,1,8
BRF:2
BRH:2
end_of_record
TN:
SF:src/index.js
FNF:0
FNH:0
DA:7,0
DA:8,0
DA:17,0
LF:3
LH:0
BRF:0
BRH:0
end_of_record
TN:
SF:src/reportWebVitals.js
FN:1,(anonymous_0)
FN:3,(anonymous_1)
FNF:2
FNH:0
FNDA:0,(anonymous_0)
FNDA:0,(anonymous_1)
DA:1,0
DA:2,0
DA:3,0
DA:4,0
DA:5,0
DA:6,0
DA:7,0
DA:8,0
LF:8
LH:0
BRDA:2,0,0,0
BRDA:2,0,1,0
BRDA:2,1,0,0
BRDA:2,1,1,0
BRF:4
BRH:0
end_of_record
